[debug] [2020-05-10T11:11:21.927Z] ----------------------------------------------------------------------
[debug] [2020-05-10T11:11:21.932Z] Command:       C:\Program Files\nodejs\node.exe C:\Users\KHOIRUL\AppData\Roaming\npm\node_modules\firebase-tools\lib\bin\firebase.js serve
[debug] [2020-05-10T11:11:21.932Z] CLI Version:   8.2.0
[debug] [2020-05-10T11:11:21.932Z] Platform:      win32
[debug] [2020-05-10T11:11:21.933Z] Node Version:  v12.15.0
[debug] [2020-05-10T11:11:21.935Z] Time:          Sun May 10 2020 18:11:21 GMT+0700 (Indochina Time)
[debug] [2020-05-10T11:11:21.935Z] ----------------------------------------------------------------------
[debug] [2020-05-10T11:11:21.935Z] 
[debug] [2020-05-10T11:11:21.952Z] > command requires scopes: ["email","openid","https://www.googleapis.com/auth/cloudplatformprojects.readonly","https://www.googleapis.com/auth/firebase","https://www.googleapis.com/auth/cloud-platform"]
[debug] [2020-05-10T11:11:21.953Z] > authorizing via signed-in user
[debug] [2020-05-10T11:11:21.954Z] [iam] checking project uaspbf-1ceca for permissions ["firebase.projects.get"]
[debug] [2020-05-10T11:11:21.961Z] >>> HTTP REQUEST POST https://cloudresourcemanager.googleapis.com/v1/projects/uaspbf-1ceca:testIamPermissions  
 {"permissions":["firebase.projects.get"]}
[debug] [2020-05-10T11:11:23.238Z] <<< HTTP RESPONSE 200 {"content-type":"application/json; charset=UTF-8","vary":"X-Origin, Referer, Origin,Accept-Encoding","date":"Sun, 10 May 2020 11:11:23 GMT","server":"ESF","cache-control":"private","x-xss-protection":"0","x-frame-options":"SAMEORIGIN","x-content-type-options":"nosniff","server-timing":"gfet4t7; dur=1046","alt-svc":"h3-27=\":443\"; ma=2592000,h3-25=\":443\"; ma=2592000,h3-Q050=\":443\"; ma=2592000,h3-Q049=\":443\"; ma=2592000,h3-Q048=\":443\"; ma=2592000,h3-Q046=\":443\"; ma=2592000,h3-Q043=\":443\"; ma=2592000,quic=\":443\"; ma=2592000; v=\"46,43\"","accept-ranges":"none","transfer-encoding":"chunked"}
[debug] [2020-05-10T11:11:23.242Z] >>> HTTP REQUEST GET https://firebase.googleapis.com/v1beta1/projects/uaspbf-1ceca  
 
[debug] [2020-05-10T11:11:23.663Z] <<< HTTP RESPONSE 200 {"content-type":"application/json; charset=UTF-8","vary":"X-Origin, Referer, Origin,Accept-Encoding","date":"Sun, 10 May 2020 11:11:23 GMT","server":"ESF","cache-control":"private","x-xss-protection":"0","x-frame-options":"SAMEORIGIN","x-content-type-options":"nosniff","alt-svc":"h3-27=\":443\"; ma=2592000,h3-25=\":443\"; ma=2592000,h3-Q050=\":443\"; ma=2592000,h3-Q049=\":443\"; ma=2592000,h3-Q048=\":443\"; ma=2592000,h3-Q046=\":443\"; ma=2592000,h3-Q043=\":443\"; ma=2592000,quic=\":443\"; ma=2592000; v=\"46,43\"","accept-ranges":"none","transfer-encoding":"chunked"}
[info] 
[info] === Serving from 'G:\Kuliah\Semester6\PemrogramanBerbasisFramework\mohkhoirularifin-minggu14-uas'...
[info] 
[debug] [2020-05-10T11:11:23.670Z] >>> HTTP REQUEST GET https://firebase.googleapis.com/v1beta1/projects/uaspbf-1ceca/webApps/-/config  
 
[debug] [2020-05-10T11:11:24.622Z] <<< HTTP RESPONSE 200 {"content-type":"application/json; charset=UTF-8","vary":"X-Origin, Referer, Origin,Accept-Encoding","date":"Sun, 10 May 2020 11:11:24 GMT","server":"ESF","cache-control":"private","x-xss-protection":"0","x-frame-options":"SAMEORIGIN","x-content-type-options":"nosniff","alt-svc":"h3-27=\":443\"; ma=2592000,h3-25=\":443\"; ma=2592000,h3-Q050=\":443\"; ma=2592000,h3-Q049=\":443\"; ma=2592000,h3-Q048=\":443\"; ma=2592000,h3-Q046=\":443\"; ma=2592000,h3-Q043=\":443\"; ma=2592000,quic=\":443\"; ma=2592000; v=\"46,43\"","accept-ranges":"none","transfer-encoding":"chunked"}
[info] i  hosting: Serving hosting files from: public
[info] +  hosting: Local server: http://localhost:5000
